[debug] [2020-07-21T14:11:44.460Z] ----------------------------------------------------------------------
[debug] [2020-07-21T14:11:44.464Z] Command:       /home/kongtj/.nvm/versions/node/v13.0.0/bin/node /usr/local/bin/firebase init
[debug] [2020-07-21T14:11:44.464Z] CLI Version:   7.6.2
[debug] [2020-07-21T14:11:44.464Z] Platform:      linux
[debug] [2020-07-21T14:11:44.464Z] Node Version:  v13.0.0
[debug] [2020-07-21T14:11:44.466Z] Time:          Tue Jul 21 2020 10:11:44 GMT-0400 (Eastern Daylight Time)
[debug] [2020-07-21T14:11:44.466Z] ----------------------------------------------------------------------
[debug] [2020-07-21T14:11:44.467Z] 
[debug] [2020-07-21T14:11:44.478Z] > command requires scopes: ["email","openid","https://www.googleapis.com/auth/cloudplatformprojects.readonly","https://www.googleapis.com/auth/firebase","https://www.googleapis.com/auth/cloud-platform"]
[debug] [2020-07-21T14:11:44.479Z] > authorizing via signed-in user
[info] 
     ######## #### ########  ######## ########     ###     ######  ########
     ##        ##  ##     ## ##       ##     ##  ##   ##  ##       ##
     ######    ##  ########  ######   ########  #########  ######  ######
     ##        ##  ##    ##  ##       ##     ## ##     ##       ## ##
     ##       #### ##     ## ######## ########  ##     ##  ######  ########

You're about to initialize a Firebase project in this directory:

  /mnt/c/Users/kongtj/Documents/integrity-capstone-temp

Before we get started, keep in mind:

  * You are currently outside your home directory

[info] 
=== Project Setup
[info] 
[info] First, let's associate this project directory with a Firebase project.
[info] You can create multiple project aliases by running firebase use --add, 
[info] but for now we'll just set up a default project.
[info] 
[debug] [2020-07-21T14:12:21.816Z] > refreshing access token with scopes: ["email","https://www.googleapis.com/auth/cloud-platform","https://www.googleapis.com/auth/cloudplatformprojects.readonly","https://www.googleapis.com/auth/firebase","openid"]
[debug] [2020-07-21T14:12:21.817Z] >>> HTTP REQUEST POST https://www.googleapis.com/oauth2/v3/token  
 <request body omitted>
[debug] [2020-07-21T14:12:22.059Z] <<< HTTP RESPONSE 400
[debug] [2020-07-21T14:12:22.062Z] >>> HTTP REQUEST GET https://firebase.googleapis.com/v1beta1/projects?pageSize=100  
 
[debug] [2020-07-21T14:12:22.277Z] <<< HTTP RESPONSE 401
[debug] [2020-07-21T14:12:22.277Z] <<< HTTP RESPONSE BODY
[debug] [2020-07-21T14:12:22.279Z] HTTP Error: 401, Request had invalid authentication credentials. Expected OAuth 2 access token, login cookie or other valid authentication credential. See https://developers.google.com/identity/sign-in/web/devconsole-project.
[debug] [2020-07-21T14:12:22.282Z] FirebaseError: HTTP Error: 401, Request had invalid authentication credentials. Expected OAuth 2 access token, login cookie or other valid authentication credential. See https://developers.google.com/identity/sign-in/web/devconsole-project.
    at module.exports (/usr/local/lib/node_modules/firebase-tools/lib/responseToError.js:38:12)
    at Request._callback (/usr/local/lib/node_modules/firebase-tools/lib/api.js:39:35)
    at Request.self.callback (/usr/local/lib/node_modules/firebase-tools/node_modules/request/request.js:185:22)
    at Request.emit (events.js:210:5)
    at Request.EventEmitter.emit (domain.js:478:20)
    at Request.<anonymous> (/usr/local/lib/node_modules/firebase-tools/node_modules/request/request.js:1161:10)
    at Request.emit (events.js:210:5)
    at Request.EventEmitter.emit (domain.js:478:20)
    at IncomingMessage.<anonymous> (/usr/local/lib/node_modules/firebase-tools/node_modules/request/request.js:1083:12)
    at Object.onceWrapper (events.js:299:28)
[error] 
[error] Error: Failed to list Firebase projects. See firebase-debug.log for more info.
